<?xml version="1.0" encoding="UTF-8"?>
<testsuite xmlns:xsi="http://www.w3.org/2001/XMLSchema-instance" xsi:noNamespaceSchemaLocation="https://maven.apache.org/surefire/maven-surefire-plugin/xsd/surefire-test-report.xsd" name="es.edu.ull.app.AppTest" time="0.046" tests="1" errors="0" skipped="0" failures="0">
  <properties>
    <property name="sun.desktop" value="windows"/>
    <property name="awt.toolkit" value="sun.awt.windows.WToolkit"/>
    <property name="java.specification.version" value="11"/>
    <property name="sun.cpu.isalist" value="amd64"/>
    <property name="sonar.login" value="f26eced6f381b2c1a658c0313c9c0f5a5eddba6c"/>
    <property name="sonar.host.url" value="http://localhost:9000"/>
    <property name="sun.jnu.encoding" value="Cp1252"/>
    <property name="java.class.path" value="C:\Users\alvar\OneDrive\Escritorio\Universidad\Cuarto\LabHerr\my-app\target\test-classes;C:\Users\alvar\OneDrive\Escritorio\Universidad\Cuarto\LabHerr\my-app\target\classes;C:\Users\alvar\.m2\repository\junit\junit\4.11\junit-4.11.jar;C:\Users\alvar\.m2\repository\org\hamcrest\hamcrest-core\1.3\hamcrest-core-1.3.jar;"/>
    <property name="java.vm.vendor" value="Oracle Corporation"/>
    <property name="sun.arch.data.model" value="64"/>
    <property name="user.variant" value=""/>
    <property name="java.vendor.url" value="http://java.oracle.com/"/>
    <property name="user.timezone" value="Europe/London"/>
    <property name="java.vm.specification.version" value="11"/>
    <property name="os.name" value="Windows 10"/>
    <property name="sun.java.launcher" value="SUN_STANDARD"/>
    <property name="user.country" value="ES"/>
    <property name="sun.boot.library.path" value="C:\Program Files (x86)\Java\jdk-11\bin"/>
    <property name="sun.java.command" value="C:\Users\alvar\AppData\Local\Temp\surefire7947972797073203676\surefirebooter6492735203074401849.jar C:\Users\alvar\AppData\Local\Temp\surefire7947972797073203676 2021-11-11T11-39-08_902-jvmRun1 surefire18171181622435739509tmp surefire_016322471042566052987tmp"/>
    <property name="jdk.debug" value="release"/>
    <property name="surefire.test.class.path" value="C:\Users\alvar\OneDrive\Escritorio\Universidad\Cuarto\LabHerr\my-app\target\test-classes;C:\Users\alvar\OneDrive\Escritorio\Universidad\Cuarto\LabHerr\my-app\target\classes;C:\Users\alvar\.m2\repository\junit\junit\4.11\junit-4.11.jar;C:\Users\alvar\.m2\repository\org\hamcrest\hamcrest-core\1.3\hamcrest-core-1.3.jar;"/>
    <property name="sun.cpu.endian" value="little"/>
    <property name="user.home" value="C:\Users\alvar"/>
    <property name="user.language" value="es"/>
    <property name="java.specification.vendor" value="Oracle Corporation"/>
    <property name="java.version.date" value="2018-09-25"/>
    <property name="java.home" value="C:\Program Files (x86)\Java\jdk-11"/>
    <property name="file.separator" value="\"/>
    <property name="basedir" value="C:\Users\alvar\OneDrive\Escritorio\Universidad\Cuarto\LabHerr\my-app"/>
    <property name="java.vm.compressedOopsMode" value="32-bit"/>
    <property name="line.separator" value="&#10;"/>
    <property name="java.specification.name" value="Java Platform API Specification"/>
    <property name="java.vm.specification.vendor" value="Oracle Corporation"/>
    <property name="java.awt.graphicsenv" value="sun.awt.Win32GraphicsEnvironment"/>
    <property name="surefire.real.class.path" value="C:\Users\alvar\AppData\Local\Temp\surefire7947972797073203676\surefirebooter6492735203074401849.jar"/>
    <property name="user.script" value=""/>
    <property name="sun.management.compiler" value="HotSpot 64-Bit Tiered Compilers"/>
    <property name="java.runtime.version" value="11+28"/>
    <property name="user.name" value="alvar"/>
    <property name="path.separator" value=";"/>
    <property name="os.version" value="10.0"/>
    <property name="java.runtime.name" value="OpenJDK Runtime Environment"/>
    <property name="file.encoding" value="Cp1252"/>
    <property name="java.vm.name" value="OpenJDK 64-Bit Server VM"/>
    <property name="java.vendor.version" value="18.9"/>
    <property name="localRepository" value="C:\Users\alvar\.m2\repository"/>
    <property name="java.vendor.url.bug" value="http://bugreport.java.com/bugreport/"/>
    <property name="java.io.tmpdir" value="C:\Users\alvar\AppData\Local\Temp\"/>
    <property name="java.version" value="11"/>
    <property name="user.dir" value="C:\Users\alvar\OneDrive\Escritorio\Universidad\Cuarto\LabHerr\my-app"/>
    <property name="os.arch" value="amd64"/>
    <property name="java.vm.specification.name" value="Java Virtual Machine Specification"/>
    <property name="java.awt.printerjob" value="sun.awt.windows.WPrinterJob"/>
    <property name="sun.os.patch.level" value=""/>
    <property name="sonar.projectKey" value="MyApp"/>
    <property name="java.library.path" value="C:\Program Files (x86)\Java\jdk-11\bin;C:\WINDOWS\Sun\Java\bin;C:\WINDOWS\system32;C:\WINDOWS;C:\Program Files (x86)\Java\jdk-11\bin;C:\WINDOWS\system32;C:\WINDOWS;C:\WINDOWS\System32\Wbem;C:\WINDOWS\System32\WindowsPowerShell\v1.0\;C:\WINDOWS\System32\OpenSSH\;C;C:\Program Files (x86)\Java\jdk-11\bin;C:\Users\alvar\AppData\Local\Microsoft\WindowsApps;C:\Users\alvar\OneDrive\Escritorio\Universidad\Cuarto\LabHerr\SonarScanner\bin;C:\Users\alvar\AppData\Local\Programs\MiKTeX\miktex\bin\x64\;C:\Program Files\Graphviz\bin;C:\Program Files\doxygen\bin;C:\Users\alvar\OneDrive\Escritorio\Universidad\Cuarto\LabHerr\apache-maven-3.8.3\bin;;."/>
    <property name="java.vendor" value="Oracle Corporation"/>
    <property name="java.vm.info" value="mixed mode"/>
    <property name="java.vm.version" value="11+28"/>
    <property name="sun.io.unicode.encoding" value="UnicodeLittle"/>
    <property name="java.class.version" value="55.0"/>
  </properties>
  <testcase name="shouldAnswerWithTrue" classname="es.edu.ull.app.AppTest" time="0.015"/>
</testsuite>